# Logfile created on 2014-05-19 13:06:52 -0600 by logger.rb/44203
I, [2014-05-19T13:06:52.281354 #26264]  INFO -- : 0:  rake (10.1.1) from /Users/dfenniak/.rvm/rubies/ruby-2.1.0/lib/ruby/gems/2.1.0/specifications/rake-10.1.1.gemspec
I, [2014-05-19T13:06:52.281637 #26264]  INFO -- : 0:  RedCloth (4.2.9) from /Users/dfenniak/.rvm/rubies/ruby-2.1.0/lib/ruby/gems/2.1.0/specifications/RedCloth-4.2.9.gemspec
I, [2014-05-19T13:06:52.281848 #26264]  INFO -- : 0:  i18n (0.6.9) from /Users/dfenniak/.rvm/rubies/ruby-2.1.0/lib/ruby/gems/2.1.0/specifications/i18n-0.6.9.gemspec
I, [2014-05-19T13:06:52.282080 #26264]  INFO -- : 0:  multi_json (1.10.0) from /Users/dfenniak/.rvm/rubies/ruby-2.1.0/lib/ruby/gems/2.1.0/specifications/multi_json-1.10.0.gemspec
I, [2014-05-19T13:06:53.126978 #26264]  INFO -- : 0:  activesupport (3.2.18) from /Users/dfenniak/.rvm/rubies/ruby-2.1.0/lib/ruby/gems/2.1.0/specifications/activesupport-3.2.18.gemspec
I, [2014-05-19T13:06:53.596143 #26264]  INFO -- : 0:  builder (3.0.4) from /Users/dfenniak/.rvm/rubies/ruby-2.1.0/lib/ruby/gems/2.1.0/specifications/builder-3.0.4.gemspec
I, [2014-05-19T13:06:54.086574 #26264]  INFO -- : 0:  activemodel (3.2.18) from /Users/dfenniak/.rvm/rubies/ruby-2.1.0/lib/ruby/gems/2.1.0/specifications/activemodel-3.2.18.gemspec
I, [2014-05-19T13:06:54.086894 #26264]  INFO -- : 0:  erubis (2.7.0) from /Users/dfenniak/.rvm/rubies/ruby-2.1.0/lib/ruby/gems/2.1.0/specifications/erubis-2.7.0.gemspec
I, [2014-05-19T13:06:54.608800 #26264]  INFO -- : 0:  journey (1.0.4) from /Users/dfenniak/.rvm/rubies/ruby-2.1.0/lib/ruby/gems/2.1.0/specifications/journey-1.0.4.gemspec
I, [2014-05-19T13:06:55.315821 #26264]  INFO -- : 0:  rack (1.4.5) from /Users/dfenniak/.rvm/rubies/ruby-2.1.0/lib/ruby/gems/2.1.0/specifications/rack-1.4.5.gemspec
I, [2014-05-19T13:06:55.972261 #26264]  INFO -- : 0:  rack-cache (1.2) from /Users/dfenniak/.rvm/rubies/ruby-2.1.0/lib/ruby/gems/2.1.0/specifications/rack-cache-1.2.gemspec
I, [2014-05-19T13:06:55.972587 #26264]  INFO -- : 0:  rack-test (0.6.2) from /Users/dfenniak/.rvm/rubies/ruby-2.1.0/lib/ruby/gems/2.1.0/specifications/rack-test-0.6.2.gemspec
I, [2014-05-19T13:06:55.972853 #26264]  INFO -- : 0:  hike (1.2.3) from /Users/dfenniak/.rvm/rubies/ruby-2.1.0/lib/ruby/gems/2.1.0/specifications/hike-1.2.3.gemspec
I, [2014-05-19T13:06:55.973059 #26264]  INFO -- : 0:  tilt (1.4.1) from /Users/dfenniak/.rvm/rubies/ruby-2.1.0/lib/ruby/gems/2.1.0/specifications/tilt-1.4.1.gemspec
I, [2014-05-19T13:06:56.463046 #26264]  INFO -- : 0:  sprockets (2.2.2) from /Users/dfenniak/.rvm/rubies/ruby-2.1.0/lib/ruby/gems/2.1.0/specifications/sprockets-2.2.2.gemspec
I, [2014-05-19T13:06:57.152974 #26264]  INFO -- : 0:  actionpack (3.2.18) from /Users/dfenniak/.rvm/rubies/ruby-2.1.0/lib/ruby/gems/2.1.0/specifications/actionpack-3.2.18.gemspec
I, [2014-05-19T13:06:57.153514 #26264]  INFO -- : 0:  mime-types (1.25.1) from /Users/dfenniak/.rvm/rubies/ruby-2.1.0/lib/ruby/gems/2.1.0/specifications/mime-types-1.25.1.gemspec
I, [2014-05-19T13:06:57.153735 #26264]  INFO -- : 0:  polyglot (0.3.4) from /Users/dfenniak/.rvm/rubies/ruby-2.1.0/lib/ruby/gems/2.1.0/specifications/polyglot-0.3.4.gemspec
I, [2014-05-19T13:06:57.153923 #26264]  INFO -- : 0:  treetop (1.4.15) from /Users/dfenniak/.rvm/rubies/ruby-2.1.0/lib/ruby/gems/2.1.0/specifications/treetop-1.4.15.gemspec
I, [2014-05-19T13:06:57.154107 #26264]  INFO -- : 0:  mail (2.5.4) from /Users/dfenniak/.rvm/rubies/ruby-2.1.0/lib/ruby/gems/2.1.0/specifications/mail-2.5.4.gemspec
I, [2014-05-19T13:06:57.576863 #26264]  INFO -- : 0:  actionmailer (3.2.18) from /Users/dfenniak/.rvm/rubies/ruby-2.1.0/lib/ruby/gems/2.1.0/specifications/actionmailer-3.2.18.gemspec
I, [2014-05-19T13:06:58.063818 #26264]  INFO -- : 0:  arel (3.0.3) from /Users/dfenniak/.rvm/rubies/ruby-2.1.0/lib/ruby/gems/2.1.0/specifications/arel-3.0.3.gemspec
I, [2014-05-19T13:06:58.064110 #26264]  INFO -- : 0:  tzinfo (0.3.39) from /Users/dfenniak/.rvm/rubies/ruby-2.1.0/lib/ruby/gems/2.1.0/specifications/tzinfo-0.3.39.gemspec
I, [2014-05-19T13:06:58.789604 #26264]  INFO -- : 0:  activerecord (3.2.18) from /Users/dfenniak/.rvm/rubies/ruby-2.1.0/lib/ruby/gems/2.1.0/specifications/activerecord-3.2.18.gemspec
I, [2014-05-19T13:06:59.248078 #26264]  INFO -- : 0:  activeresource (3.2.18) from /Users/dfenniak/.rvm/rubies/ruby-2.1.0/lib/ruby/gems/2.1.0/specifications/activeresource-3.2.18.gemspec
I, [2014-05-19T13:06:59.786528 #26264]  INFO -- : 0:  addressable (2.3.6) from /Users/dfenniak/.rvm/rubies/ruby-2.1.0/lib/ruby/gems/2.1.0/specifications/addressable-2.3.6.gemspec
I, [2014-05-19T13:07:00.544633 #26264]  INFO -- : 0:  akismet (1.0.0) from /Users/dfenniak/.rvm/rubies/ruby-2.1.0/lib/ruby/gems/2.1.0/specifications/akismet-1.0.0.gemspec
I, [2014-05-19T13:07:03.235179 #26264]  INFO -- : 0:  bluecloth (2.2.0) from /Users/dfenniak/.rvm/rubies/ruby-2.1.0/lib/ruby/gems/2.1.0/specifications/bluecloth-2.2.0.gemspec
I, [2014-05-19T13:07:03.635175 #26264]  INFO -- : 0:  buftok (0.2.0) from /Users/dfenniak/.rvm/rubies/ruby-2.1.0/lib/ruby/gems/2.1.0/specifications/buftok-0.2.0.gemspec
I, [2014-05-19T13:07:03.635461 #26264]  INFO -- : 0:  bundler (1.5.1) from /Users/dfenniak/.rvm/rubies/ruby-2.1.0/lib/ruby/gems/2.1.0/specifications/bundler-1.5.1.gemspec
I, [2014-05-19T13:07:03.635648 #26264]  INFO -- : 0:  json (1.8.1) from /Users/dfenniak/.rvm/rubies/ruby-2.1.0/lib/ruby/gems/2.1.0/specifications/default/json-1.8.1.gemspec
I, [2014-05-19T13:07:04.111280 #26264]  INFO -- : 0:  carrierwave (0.10.0) from /Users/dfenniak/.rvm/rubies/ruby-2.1.0/lib/ruby/gems/2.1.0/specifications/carrierwave-0.10.0.gemspec
I, [2014-05-19T13:07:04.111654 #26264]  INFO -- : 0:  coderay (1.1.0) from /Users/dfenniak/.rvm/rubies/ruby-2.1.0/lib/ruby/gems/2.1.0/specifications/coderay-1.1.0.gemspec
I, [2014-05-19T13:07:04.112016 #26264]  INFO -- : 0:  coffee-script-source (1.7.0) from /Users/dfenniak/.rvm/rubies/ruby-2.1.0/lib/ruby/gems/2.1.0/specifications/coffee-script-source-1.7.0.gemspec
I, [2014-05-19T13:07:04.112407 #26264]  INFO -- : 0:  execjs (2.0.2) from /Users/dfenniak/.rvm/rubies/ruby-2.1.0/lib/ruby/gems/2.1.0/specifications/execjs-2.0.2.gemspec
I, [2014-05-19T13:07:04.112709 #26264]  INFO -- : 0:  coffee-script (2.2.0) from /Users/dfenniak/.rvm/rubies/ruby-2.1.0/lib/ruby/gems/2.1.0/specifications/coffee-script-2.2.0.gemspec
I, [2014-05-19T13:07:04.577713 #26264]  INFO -- : 0:  rack-ssl (1.3.4) from /Users/dfenniak/.rvm/rubies/ruby-2.1.0/lib/ruby/gems/2.1.0/specifications/rack-ssl-1.3.4.gemspec
I, [2014-05-19T13:07:05.671685 #26264]  INFO -- : 0:  rdoc (3.12.2) from /Users/dfenniak/.rvm/rubies/ruby-2.1.0/lib/ruby/gems/2.1.0/specifications/rdoc-3.12.2.gemspec
I, [2014-05-19T13:07:05.672057 #26264]  INFO -- : 0:  thor (0.19.1) from /Users/dfenniak/.rvm/rubies/ruby-2.1.0/lib/ruby/gems/2.1.0/specifications/thor-0.19.1.gemspec
I, [2014-05-19T13:07:08.701100 #26264]  INFO -- : 0:  railties (3.2.18) from /Users/dfenniak/.rvm/rubies/ruby-2.1.0/lib/ruby/gems/2.1.0/specifications/railties-3.2.18.gemspec
I, [2014-05-19T13:07:09.119679 #26264]  INFO -- : 0:  coffee-rails (3.2.2) from /Users/dfenniak/.rvm/rubies/ruby-2.1.0/lib/ruby/gems/2.1.0/specifications/coffee-rails-3.2.2.gemspec
I, [2014-05-19T13:07:09.120004 #26264]  INFO -- : 0:  daemons (1.1.9) from /Users/dfenniak/.rvm/rubies/ruby-2.1.0/lib/ruby/gems/2.1.0/specifications/daemons-1.1.9.gemspec
I, [2014-05-19T13:07:09.120291 #26264]  INFO -- : 0:  thread_safe (0.3.3) from /Users/dfenniak/.rvm/rubies/ruby-2.1.0/lib/ruby/gems/2.1.0/specifications/thread_safe-0.3.3.gemspec
I, [2014-05-19T13:07:09.505877 #26264]  INFO -- : 0:  descendants_tracker (0.0.4) from /Users/dfenniak/.rvm/rubies/ruby-2.1.0/lib/ruby/gems/2.1.0/specifications/descendants_tracker-0.0.4.gemspec
I, [2014-05-19T13:07:09.506186 #26264]  INFO -- : 0:  diff-lcs (1.2.5) from /Users/dfenniak/.rvm/rubies/ruby-2.1.0/lib/ruby/gems/2.1.0/specifications/diff-lcs-1.2.5.gemspec
I, [2014-05-19T13:07:09.956538 #26264]  INFO -- : 0:  docile (1.1.3) from /Users/dfenniak/.rvm/rubies/ruby-2.1.0/lib/ruby/gems/2.1.0/specifications/docile-1.1.3.gemspec
I, [2014-05-19T13:07:10.451453 #26264]  INFO -- : 0:  dynamic_form (1.1.4) from /Users/dfenniak/.rvm/rubies/ruby-2.1.0/lib/ruby/gems/2.1.0/specifications/dynamic_form-1.1.4.gemspec
I, [2014-05-19T13:07:10.819945 #26264]  INFO -- : 0:  equalizer (0.0.9) from /Users/dfenniak/.rvm/rubies/ruby-2.1.0/lib/ruby/gems/2.1.0/specifications/equalizer-0.0.9.gemspec
I, [2014-05-19T13:07:17.553502 #26264]  INFO -- : 0:  eventmachine (1.0.3) from /Users/dfenniak/.rvm/rubies/ruby-2.1.0/lib/ruby/gems/2.1.0/specifications/eventmachine-1.0.3.gemspec
I, [2014-05-19T13:07:18.240441 #26264]  INFO -- : 0:  excon (0.33.0) from /Users/dfenniak/.rvm/rubies/ruby-2.1.0/lib/ruby/gems/2.1.0/specifications/excon-0.33.0.gemspec
I, [2014-05-19T13:07:18.775709 #26264]  INFO -- : 0:  factory_girl (4.2.0) from /Users/dfenniak/.rvm/rubies/ruby-2.1.0/lib/ruby/gems/2.1.0/specifications/factory_girl-4.2.0.gemspec
I, [2014-05-19T13:07:19.197265 #26264]  INFO -- : 0:  multipart-post (2.0.0) from /Users/dfenniak/.rvm/rubies/ruby-2.1.0/lib/ruby/gems/2.1.0/specifications/multipart-post-2.0.0.gemspec
I, [2014-05-19T13:07:19.786525 #26264]  INFO -- : 0:  faraday (0.9.0) from /Users/dfenniak/.rvm/rubies/ruby-2.1.0/lib/ruby/gems/2.1.0/specifications/faraday-0.9.0.gemspec
I, [2014-05-19T13:07:20.237972 #26264]  INFO -- : 0:  flickraw (0.9.8) from /Users/dfenniak/.rvm/rubies/ruby-2.1.0/lib/ruby/gems/2.1.0/specifications/flickraw-0.9.8.gemspec
I, [2014-05-19T13:07:20.855291 #26264]  INFO -- : 0:  flickraw-cached (20120701) from /Users/dfenniak/.rvm/rubies/ruby-2.1.0/lib/ruby/gems/2.1.0/specifications/flickraw-cached-20120701.gemspec
I, [2014-05-19T13:07:20.855764 #26264]  INFO -- : 0:  formatador (0.2.4) from /Users/dfenniak/.rvm/rubies/ruby-2.1.0/lib/ruby/gems/2.1.0/specifications/formatador-0.2.4.gemspec
I, [2014-05-19T13:07:21.521676 #26264]  INFO -- : 0:  net-ssh (2.9.1) from /Users/dfenniak/.rvm/rubies/ruby-2.1.0/lib/ruby/gems/2.1.0/specifications/net-ssh-2.9.1.gemspec
I, [2014-05-19T13:07:21.984392 #26264]  INFO -- : 0:  net-scp (1.2.1) from /Users/dfenniak/.rvm/rubies/ruby-2.1.0/lib/ruby/gems/2.1.0/specifications/net-scp-1.2.1.gemspec
I, [2014-05-19T13:07:22.475398 #26264]  INFO -- : 0:  fog-core (1.22.0) from /Users/dfenniak/.rvm/rubies/ruby-2.1.0/lib/ruby/gems/2.1.0/specifications/fog-core-1.22.0.gemspec
I, [2014-05-19T13:07:22.862411 #26264]  INFO -- : 0:  fog-json (1.0.0) from /Users/dfenniak/.rvm/rubies/ruby-2.1.0/lib/ruby/gems/2.1.0/specifications/fog-json-1.0.0.gemspec
I, [2014-05-19T13:07:23.321568 #26264]  INFO -- : 0:  fog-brightbox (0.0.2) from /Users/dfenniak/.rvm/rubies/ruby-2.1.0/lib/ruby/gems/2.1.0/specifications/fog-brightbox-0.0.2.gemspec
I, [2014-05-19T13:07:23.692368 #26264]  INFO -- : 0:  mini_portile (0.6.0) from /Users/dfenniak/.rvm/rubies/ruby-2.1.0/lib/ruby/gems/2.1.0/specifications/mini_portile-0.6.0.gemspec
I, [2014-05-19T13:08:19.058756 #26264]  INFO -- : 0:  nokogiri (1.6.2.1) from /Users/dfenniak/.rvm/rubies/ruby-2.1.0/lib/ruby/gems/2.1.0/specifications/nokogiri-1.6.2.1.gemspec
I, [2014-05-19T13:08:24.107328 #26264]  INFO -- : 0:  fog (1.22.0) from /Users/dfenniak/.rvm/rubies/ruby-2.1.0/lib/ruby/gems/2.1.0/specifications/fog-1.22.0.gemspec
I, [2014-05-19T13:08:24.107656 #26264]  INFO -- : 0:  htmlentities (4.3.1) from /Users/dfenniak/.rvm/rubies/ruby-2.1.0/lib/ruby/gems/2.1.0/specifications/htmlentities-4.3.1.gemspec
I, [2014-05-19T13:08:25.210836 #26264]  INFO -- : 0:  http_parser.rb (0.6.0) from /Users/dfenniak/.rvm/rubies/ruby-2.1.0/lib/ruby/gems/2.1.0/specifications/http_parser.rb-0.6.0.gemspec
I, [2014-05-19T13:08:25.665822 #26264]  INFO -- : 0:  http (0.5.0) from /Users/dfenniak/.rvm/rubies/ruby-2.1.0/lib/ruby/gems/2.1.0/specifications/http-0.5.0.gemspec
I, [2014-05-19T13:08:25.666140 #26264]  INFO -- : 0:  jquery-rails (3.1.0) from /Users/dfenniak/.rvm/rubies/ruby-2.1.0/lib/ruby/gems/2.1.0/specifications/jquery-rails-3.1.0.gemspec
I, [2014-05-19T13:08:26.454356 #26264]  INFO -- : 0:  jquery-ui-rails (4.2.1) from /Users/dfenniak/.rvm/rubies/ruby-2.1.0/lib/ruby/gems/2.1.0/specifications/jquery-ui-rails-4.2.1.gemspec
I, [2014-05-19T13:08:26.968233 #26264]  INFO -- : 0:  kaminari (0.15.1) from /Users/dfenniak/.rvm/rubies/ruby-2.1.0/lib/ruby/gems/2.1.0/specifications/kaminari-0.15.1.gemspec
I, [2014-05-19T13:08:27.373855 #26264]  INFO -- : 0:  memoizable (0.4.2) from /Users/dfenniak/.rvm/rubies/ruby-2.1.0/lib/ruby/gems/2.1.0/specifications/memoizable-0.4.2.gemspec
I, [2014-05-19T13:08:27.374203 #26264]  INFO -- : 0:  method_source (0.8.2) from /Users/dfenniak/.rvm/rubies/ruby-2.1.0/lib/ruby/gems/2.1.0/specifications/method_source-0.8.2.gemspec
I, [2014-05-19T13:08:27.786025 #26264]  INFO -- : 0:  subexec (0.2.3) from /Users/dfenniak/.rvm/rubies/ruby-2.1.0/lib/ruby/gems/2.1.0/specifications/subexec-0.2.3.gemspec
I, [2014-05-19T13:08:28.211030 #26264]  INFO -- : 0:  mini_magick (3.7.0) from /Users/dfenniak/.rvm/rubies/ruby-2.1.0/lib/ruby/gems/2.1.0/specifications/mini_magick-3.7.0.gemspec
I, [2014-05-19T13:08:28.665006 #26264]  INFO -- : 0:  naught (1.0.0) from /Users/dfenniak/.rvm/rubies/ruby-2.1.0/lib/ruby/gems/2.1.0/specifications/naught-1.0.0.gemspec
I, [2014-05-19T13:08:28.665295 #26264]  INFO -- : 0:  pg (0.17.1) from /Users/dfenniak/.rvm/rubies/ruby-2.1.0/lib/ruby/gems/2.1.0/specifications/pg-0.17.1.gemspec
I, [2014-05-19T13:08:29.088725 #26264]  INFO -- : 0:  slop (3.5.0) from /Users/dfenniak/.rvm/rubies/ruby-2.1.0/lib/ruby/gems/2.1.0/specifications/slop-3.5.0.gemspec
I, [2014-05-19T13:08:29.089167 #26264]  INFO -- : 0:  pry (0.9.12.6) from /Users/dfenniak/.rvm/rubies/ruby-2.1.0/lib/ruby/gems/2.1.0/specifications/pry-0.9.12.6.gemspec
I, [2014-05-19T13:08:29.089494 #26264]  INFO -- : 0:  pry-rails (0.3.2) from /Users/dfenniak/.rvm/rubies/ruby-2.1.0/lib/ruby/gems/2.1.0/specifications/pry-rails-0.3.2.gemspec
I, [2014-05-19T13:08:29.472658 #26264]  INFO -- : 0:  rails (3.2.18) from /Users/dfenniak/.rvm/rubies/ruby-2.1.0/lib/ruby/gems/2.1.0/specifications/rails-3.2.18.gemspec
I, [2014-05-19T13:08:29.845308 #26264]  INFO -- : 0:  rails_autolink (1.1.5) from /Users/dfenniak/.rvm/rubies/ruby-2.1.0/lib/ruby/gems/2.1.0/specifications/rails_autolink-1.1.5.gemspec
I, [2014-05-19T13:08:30.249286 #26264]  INFO -- : 0:  recaptcha (0.3.6) from /Users/dfenniak/.rvm/rubies/ruby-2.1.0/lib/ruby/gems/2.1.0/specifications/recaptcha-0.3.6.gemspec
I, [2014-05-19T13:08:30.914976 #26264]  INFO -- : 0:  rspec-core (2.14.8) from /Users/dfenniak/.rvm/rubies/ruby-2.1.0/lib/ruby/gems/2.1.0/specifications/rspec-core-2.14.8.gemspec
I, [2014-05-19T13:08:30.915299 #26264]  INFO -- : 0:  rspec-expectations (2.14.5) from /Users/dfenniak/.rvm/rubies/ruby-2.1.0/lib/ruby/gems/2.1.0/specifications/rspec-expectations-2.14.5.gemspec
I, [2014-05-19T13:08:30.915513 #26264]  INFO -- : 0:  rspec-mocks (2.14.6) from /Users/dfenniak/.rvm/rubies/ruby-2.1.0/lib/ruby/gems/2.1.0/specifications/rspec-mocks-2.14.6.gemspec
I, [2014-05-19T13:08:31.398849 #26264]  INFO -- : 0:  rspec-rails (2.14.2) from /Users/dfenniak/.rvm/rubies/ruby-2.1.0/lib/ruby/gems/2.1.0/specifications/rspec-rails-2.14.2.gemspec
I, [2014-05-19T13:08:31.399272 #26264]  INFO -- : 0:  rubypants (0.2.0) from /Users/dfenniak/.rvm/rubies/ruby-2.1.0/lib/ruby/gems/2.1.0/specifications/rubypants-0.2.0.gemspec
I, [2014-05-19T13:08:32.157365 #26264]  INFO -- : 0:  sass (3.3.7) from /Users/dfenniak/.rvm/rubies/ruby-2.1.0/lib/ruby/gems/2.1.0/specifications/sass-3.3.7.gemspec
I, [2014-05-19T13:08:32.793446 #26264]  INFO -- : 0:  sass-rails (3.2.6) from /Users/dfenniak/.rvm/rubies/ruby-2.1.0/lib/ruby/gems/2.1.0/specifications/sass-rails-3.2.6.gemspec
I, [2014-05-19T13:08:33.245618 #26264]  INFO -- : 0:  simple_oauth (0.2.0) from /Users/dfenniak/.rvm/rubies/ruby-2.1.0/lib/ruby/gems/2.1.0/specifications/simple_oauth-0.2.0.gemspec
I, [2014-05-19T13:08:33.874322 #26264]  INFO -- : 0:  simplecov-html (0.8.0) from /Users/dfenniak/.rvm/rubies/ruby-2.1.0/lib/ruby/gems/2.1.0/specifications/simplecov-html-0.8.0.gemspec
I, [2014-05-19T13:08:34.414569 #26264]  INFO -- : 0:  simplecov (0.8.2) from /Users/dfenniak/.rvm/rubies/ruby-2.1.0/lib/ruby/gems/2.1.0/specifications/simplecov-0.8.2.gemspec
I, [2014-05-19T13:08:35.450701 #26264]  INFO -- : 0:  thin (1.6.2) from /Users/dfenniak/.rvm/rubies/ruby-2.1.0/lib/ruby/gems/2.1.0/specifications/thin-1.6.2.gemspec
I, [2014-05-19T13:08:36.565693 #26264]  INFO -- : 0:  twitter (5.6.0) from /Users/dfenniak/.rvm/rubies/ruby-2.1.0/lib/ruby/gems/2.1.0/specifications/twitter-5.6.0.gemspec
I, [2014-05-19T13:08:36.565970 #26264]  INFO -- : 0:  uglifier (2.5.0) from /Users/dfenniak/.rvm/rubies/ruby-2.1.0/lib/ruby/gems/2.1.0/specifications/uglifier-2.5.0.gemspec
I, [2014-05-19T13:08:36.967742 #26264]  INFO -- : 0:  uuidtools (2.1.4) from /Users/dfenniak/.rvm/rubies/ruby-2.1.0/lib/ruby/gems/2.1.0/specifications/uuidtools-2.1.4.gemspec
I, [2014-05-19T13:08:51.530526 #26264]  INFO -- : 0:  webrat (0.7.3) from /Users/dfenniak/.rvm/rubies/ruby-2.1.0/lib/ruby/gems/2.1.0/specifications/webrat-0.7.3.gemspec
I, [2014-05-19T13:09:35.992386 #48880]  INFO -- : 0:  rake (10.1.1) from /Users/dfenniak/.rvm/rubies/ruby-2.1.0/lib/ruby/gems/2.1.0/specifications/rake-10.1.1.gemspec
I, [2014-05-19T13:09:35.992756 #48880]  INFO -- : 0:  RedCloth (4.2.9) from /Users/dfenniak/.rvm/rubies/ruby-2.1.0/lib/ruby/gems/2.1.0/specifications/RedCloth-4.2.9.gemspec
I, [2014-05-19T13:09:35.992996 #48880]  INFO -- : 0:  i18n (0.6.9) from /Users/dfenniak/.rvm/rubies/ruby-2.1.0/lib/ruby/gems/2.1.0/specifications/i18n-0.6.9.gemspec
I, [2014-05-19T13:09:35.993255 #48880]  INFO -- : 0:  multi_json (1.10.0) from /Users/dfenniak/.rvm/rubies/ruby-2.1.0/lib/ruby/gems/2.1.0/specifications/multi_json-1.10.0.gemspec
I, [2014-05-19T13:09:35.993556 #48880]  INFO -- : 0:  activesupport (3.2.18) from /Users/dfenniak/.rvm/rubies/ruby-2.1.0/lib/ruby/gems/2.1.0/specifications/activesupport-3.2.18.gemspec
I, [2014-05-19T13:09:35.993817 #48880]  INFO -- : 0:  builder (3.0.4) from /Users/dfenniak/.rvm/rubies/ruby-2.1.0/lib/ruby/gems/2.1.0/specifications/builder-3.0.4.gemspec
I, [2014-05-19T13:09:35.994061 #48880]  INFO -- : 0:  activemodel (3.2.18) from /Users/dfenniak/.rvm/rubies/ruby-2.1.0/lib/ruby/gems/2.1.0/specifications/activemodel-3.2.18.gemspec
I, [2014-05-19T13:09:35.994290 #48880]  INFO -- : 0:  erubis (2.7.0) from /Users/dfenniak/.rvm/rubies/ruby-2.1.0/lib/ruby/gems/2.1.0/specifications/erubis-2.7.0.gemspec
I, [2014-05-19T13:09:35.994496 #48880]  INFO -- : 0:  journey (1.0.4) from /Users/dfenniak/.rvm/rubies/ruby-2.1.0/lib/ruby/gems/2.1.0/specifications/journey-1.0.4.gemspec
I, [2014-05-19T13:09:35.994703 #48880]  INFO -- : 0:  rack (1.4.5) from /Users/dfenniak/.rvm/rubies/ruby-2.1.0/lib/ruby/gems/2.1.0/specifications/rack-1.4.5.gemspec
I, [2014-05-19T13:09:35.994912 #48880]  INFO -- : 0:  rack-cache (1.2) from /Users/dfenniak/.rvm/rubies/ruby-2.1.0/lib/ruby/gems/2.1.0/specifications/rack-cache-1.2.gemspec
I, [2014-05-19T13:09:35.995105 #48880]  INFO -- : 0:  rack-test (0.6.2) from /Users/dfenniak/.rvm/rubies/ruby-2.1.0/lib/ruby/gems/2.1.0/specifications/rack-test-0.6.2.gemspec
I, [2014-05-19T13:09:35.995281 #48880]  INFO -- : 0:  hike (1.2.3) from /Users/dfenniak/.rvm/rubies/ruby-2.1.0/lib/ruby/gems/2.1.0/specifications/hike-1.2.3.gemspec
I, [2014-05-19T13:09:35.995471 #48880]  INFO -- : 0:  tilt (1.4.1) from /Users/dfenniak/.rvm/rubies/ruby-2.1.0/lib/ruby/gems/2.1.0/specifications/tilt-1.4.1.gemspec
I, [2014-05-19T13:09:35.995644 #48880]  INFO -- : 0:  sprockets (2.2.2) from /Users/dfenniak/.rvm/rubies/ruby-2.1.0/lib/ruby/gems/2.1.0/specifications/sprockets-2.2.2.gemspec
I, [2014-05-19T13:09:35.995817 #48880]  INFO -- : 0:  actionpack (3.2.18) from /Users/dfenniak/.rvm/rubies/ruby-2.1.0/lib/ruby/gems/2.1.0/specifications/actionpack-3.2.18.gemspec
I, [2014-05-19T13:09:35.995986 #48880]  INFO -- : 0:  mime-types (1.25.1) from /Users/dfenniak/.rvm/rubies/ruby-2.1.0/lib/ruby/gems/2.1.0/specifications/mime-types-1.25.1.gemspec
I, [2014-05-19T13:09:35.996167 #48880]  INFO -- : 0:  polyglot (0.3.4) from /Users/dfenniak/.rvm/rubies/ruby-2.1.0/lib/ruby/gems/2.1.0/specifications/polyglot-0.3.4.gemspec
I, [2014-05-19T13:09:35.996341 #48880]  INFO -- : 0:  treetop (1.4.15) from /Users/dfenniak/.rvm/rubies/ruby-2.1.0/lib/ruby/gems/2.1.0/specifications/treetop-1.4.15.gemspec
I, [2014-05-19T13:09:35.997127 #48880]  INFO -- : 0:  mail (2.5.4) from /Users/dfenniak/.rvm/rubies/ruby-2.1.0/lib/ruby/gems/2.1.0/specifications/mail-2.5.4.gemspec
I, [2014-05-19T13:09:35.997515 #48880]  INFO -- : 0:  actionmailer (3.2.18) from /Users/dfenniak/.rvm/rubies/ruby-2.1.0/lib/ruby/gems/2.1.0/specifications/actionmailer-3.2.18.gemspec
I, [2014-05-19T13:09:35.997833 #48880]  INFO -- : 0:  arel (3.0.3) from /Users/dfenniak/.rvm/rubies/ruby-2.1.0/lib/ruby/gems/2.1.0/specifications/arel-3.0.3.gemspec
I, [2014-05-19T13:09:35.998117 #48880]  INFO -- : 0:  tzinfo (0.3.39) from /Users/dfenniak/.rvm/rubies/ruby-2.1.0/lib/ruby/gems/2.1.0/specifications/tzinfo-0.3.39.gemspec
I, [2014-05-19T13:09:35.998383 #48880]  INFO -- : 0:  activerecord (3.2.18) from /Users/dfenniak/.rvm/rubies/ruby-2.1.0/lib/ruby/gems/2.1.0/specifications/activerecord-3.2.18.gemspec
I, [2014-05-19T13:09:35.998690 #48880]  INFO -- : 0:  activeresource (3.2.18) from /Users/dfenniak/.rvm/rubies/ruby-2.1.0/lib/ruby/gems/2.1.0/specifications/activeresource-3.2.18.gemspec
I, [2014-05-19T13:09:35.998947 #48880]  INFO -- : 0:  addressable (2.3.6) from /Users/dfenniak/.rvm/rubies/ruby-2.1.0/lib/ruby/gems/2.1.0/specifications/addressable-2.3.6.gemspec
I, [2014-05-19T13:09:35.999188 #48880]  INFO -- : 0:  akismet (1.0.0) from /Users/dfenniak/.rvm/rubies/ruby-2.1.0/lib/ruby/gems/2.1.0/specifications/akismet-1.0.0.gemspec
I, [2014-05-19T13:09:35.999418 #48880]  INFO -- : 0:  bluecloth (2.2.0) from /Users/dfenniak/.rvm/rubies/ruby-2.1.0/lib/ruby/gems/2.1.0/specifications/bluecloth-2.2.0.gemspec
I, [2014-05-19T13:09:35.999651 #48880]  INFO -- : 0:  buftok (0.2.0) from /Users/dfenniak/.rvm/rubies/ruby-2.1.0/lib/ruby/gems/2.1.0/specifications/buftok-0.2.0.gemspec
I, [2014-05-19T13:09:35.999862 #48880]  INFO -- : 0:  json (1.8.1) from /Users/dfenniak/.rvm/rubies/ruby-2.1.0/lib/ruby/gems/2.1.0/specifications/default/json-1.8.1.gemspec
I, [2014-05-19T13:09:36.000224 #48880]  INFO -- : 0:  carrierwave (0.10.0) from /Users/dfenniak/.rvm/rubies/ruby-2.1.0/lib/ruby/gems/2.1.0/specifications/carrierwave-0.10.0.gemspec
I, [2014-05-19T13:09:36.000634 #48880]  INFO -- : 0:  coderay (1.1.0) from /Users/dfenniak/.rvm/rubies/ruby-2.1.0/lib/ruby/gems/2.1.0/specifications/coderay-1.1.0.gemspec
I, [2014-05-19T13:09:36.001014 #48880]  INFO -- : 0:  coffee-script-source (1.7.0) from /Users/dfenniak/.rvm/rubies/ruby-2.1.0/lib/ruby/gems/2.1.0/specifications/coffee-script-source-1.7.0.gemspec
I, [2014-05-19T13:09:36.001236 #48880]  INFO -- : 0:  execjs (2.0.2) from /Users/dfenniak/.rvm/rubies/ruby-2.1.0/lib/ruby/gems/2.1.0/specifications/execjs-2.0.2.gemspec
I, [2014-05-19T13:09:36.001445 #48880]  INFO -- : 0:  coffee-script (2.2.0) from /Users/dfenniak/.rvm/rubies/ruby-2.1.0/lib/ruby/gems/2.1.0/specifications/coffee-script-2.2.0.gemspec
I, [2014-05-19T13:09:36.001657 #48880]  INFO -- : 0:  rack-ssl (1.3.4) from /Users/dfenniak/.rvm/rubies/ruby-2.1.0/lib/ruby/gems/2.1.0/specifications/rack-ssl-1.3.4.gemspec
I, [2014-05-19T13:09:36.001865 #48880]  INFO -- : 0:  rdoc (3.12.2) from /Users/dfenniak/.rvm/rubies/ruby-2.1.0/lib/ruby/gems/2.1.0/specifications/rdoc-3.12.2.gemspec
I, [2014-05-19T13:09:36.002069 #48880]  INFO -- : 0:  thor (0.19.1) from /Users/dfenniak/.rvm/rubies/ruby-2.1.0/lib/ruby/gems/2.1.0/specifications/thor-0.19.1.gemspec
I, [2014-05-19T13:09:36.002279 #48880]  INFO -- : 0:  railties (3.2.18) from /Users/dfenniak/.rvm/rubies/ruby-2.1.0/lib/ruby/gems/2.1.0/specifications/railties-3.2.18.gemspec
I, [2014-05-19T13:09:36.002583 #48880]  INFO -- : 0:  coffee-rails (3.2.2) from /Users/dfenniak/.rvm/rubies/ruby-2.1.0/lib/ruby/gems/2.1.0/specifications/coffee-rails-3.2.2.gemspec
I, [2014-05-19T13:09:36.002863 #48880]  INFO -- : 0:  daemons (1.1.9) from /Users/dfenniak/.rvm/rubies/ruby-2.1.0/lib/ruby/gems/2.1.0/specifications/daemons-1.1.9.gemspec
I, [2014-05-19T13:09:36.003217 #48880]  INFO -- : 0:  thread_safe (0.3.3) from /Users/dfenniak/.rvm/rubies/ruby-2.1.0/lib/ruby/gems/2.1.0/specifications/thread_safe-0.3.3.gemspec
I, [2014-05-19T13:09:36.003519 #48880]  INFO -- : 0:  descendants_tracker (0.0.4) from /Users/dfenniak/.rvm/rubies/ruby-2.1.0/lib/ruby/gems/2.1.0/specifications/descendants_tracker-0.0.4.gemspec
I, [2014-05-19T13:09:36.003758 #48880]  INFO -- : 0:  diff-lcs (1.2.5) from /Users/dfenniak/.rvm/rubies/ruby-2.1.0/lib/ruby/gems/2.1.0/specifications/diff-lcs-1.2.5.gemspec
I, [2014-05-19T13:09:36.003975 #48880]  INFO -- : 0:  docile (1.1.3) from /Users/dfenniak/.rvm/rubies/ruby-2.1.0/lib/ruby/gems/2.1.0/specifications/docile-1.1.3.gemspec
I, [2014-05-19T13:09:36.004189 #48880]  INFO -- : 0:  dynamic_form (1.1.4) from /Users/dfenniak/.rvm/rubies/ruby-2.1.0/lib/ruby/gems/2.1.0/specifications/dynamic_form-1.1.4.gemspec
I, [2014-05-19T13:09:36.004389 #48880]  INFO -- : 0:  equalizer (0.0.9) from /Users/dfenniak/.rvm/rubies/ruby-2.1.0/lib/ruby/gems/2.1.0/specifications/equalizer-0.0.9.gemspec
I, [2014-05-19T13:09:36.004587 #48880]  INFO -- : 0:  eventmachine (1.0.3) from /Users/dfenniak/.rvm/rubies/ruby-2.1.0/lib/ruby/gems/2.1.0/specifications/eventmachine-1.0.3.gemspec
I, [2014-05-19T13:09:36.004788 #48880]  INFO -- : 0:  excon (0.33.0) from /Users/dfenniak/.rvm/rubies/ruby-2.1.0/lib/ruby/gems/2.1.0/specifications/excon-0.33.0.gemspec
I, [2014-05-19T13:09:36.004991 #48880]  INFO -- : 0:  factory_girl (4.2.0) from /Users/dfenniak/.rvm/rubies/ruby-2.1.0/lib/ruby/gems/2.1.0/specifications/factory_girl-4.2.0.gemspec
I, [2014-05-19T13:09:36.005187 #48880]  INFO -- : 0:  multipart-post (2.0.0) from /Users/dfenniak/.rvm/rubies/ruby-2.1.0/lib/ruby/gems/2.1.0/specifications/multipart-post-2.0.0.gemspec
I, [2014-05-19T13:09:36.005552 #48880]  INFO -- : 0:  faraday (0.9.0) from /Users/dfenniak/.rvm/rubies/ruby-2.1.0/lib/ruby/gems/2.1.0/specifications/faraday-0.9.0.gemspec
I, [2014-05-19T13:09:36.005771 #48880]  INFO -- : 0:  flickraw (0.9.8) from /Users/dfenniak/.rvm/rubies/ruby-2.1.0/lib/ruby/gems/2.1.0/specifications/flickraw-0.9.8.gemspec
I, [2014-05-19T13:09:36.005982 #48880]  INFO -- : 0:  flickraw-cached (20120701) from /Users/dfenniak/.rvm/rubies/ruby-2.1.0/lib/ruby/gems/2.1.0/specifications/flickraw-cached-20120701.gemspec
I, [2014-05-19T13:09:36.006180 #48880]  INFO -- : 0:  formatador (0.2.4) from /Users/dfenniak/.rvm/rubies/ruby-2.1.0/lib/ruby/gems/2.1.0/specifications/formatador-0.2.4.gemspec
I, [2014-05-19T13:09:36.006386 #48880]  INFO -- : 0:  net-ssh (2.9.1) from /Users/dfenniak/.rvm/rubies/ruby-2.1.0/lib/ruby/gems/2.1.0/specifications/net-ssh-2.9.1.gemspec
I, [2014-05-19T13:09:36.006585 #48880]  INFO -- : 0:  net-scp (1.2.1) from /Users/dfenniak/.rvm/rubies/ruby-2.1.0/lib/ruby/gems/2.1.0/specifications/net-scp-1.2.1.gemspec
I, [2014-05-19T13:09:36.006780 #48880]  INFO -- : 0:  fog-core (1.22.0) from /Users/dfenniak/.rvm/rubies/ruby-2.1.0/lib/ruby/gems/2.1.0/specifications/fog-core-1.22.0.gemspec
I, [2014-05-19T13:09:36.007061 #48880]  INFO -- : 0:  fog-json (1.0.0) from /Users/dfenniak/.rvm/rubies/ruby-2.1.0/lib/ruby/gems/2.1.0/specifications/fog-json-1.0.0.gemspec
I, [2014-05-19T13:09:36.007249 #48880]  INFO -- : 0:  fog-brightbox (0.0.2) from /Users/dfenniak/.rvm/rubies/ruby-2.1.0/lib/ruby/gems/2.1.0/specifications/fog-brightbox-0.0.2.gemspec
I, [2014-05-19T13:09:36.007426 #48880]  INFO -- : 0:  mini_portile (0.6.0) from /Users/dfenniak/.rvm/rubies/ruby-2.1.0/lib/ruby/gems/2.1.0/specifications/mini_portile-0.6.0.gemspec
I, [2014-05-19T13:09:36.007605 #48880]  INFO -- : 0:  nokogiri (1.6.2.1) from /Users/dfenniak/.rvm/rubies/ruby-2.1.0/lib/ruby/gems/2.1.0/specifications/nokogiri-1.6.2.1.gemspec
I, [2014-05-19T13:09:36.007791 #48880]  INFO -- : 0:  fog (1.22.0) from /Users/dfenniak/.rvm/rubies/ruby-2.1.0/lib/ruby/gems/2.1.0/specifications/fog-1.22.0.gemspec
I, [2014-05-19T13:09:36.007975 #48880]  INFO -- : 0:  htmlentities (4.3.1) from /Users/dfenniak/.rvm/rubies/ruby-2.1.0/lib/ruby/gems/2.1.0/specifications/htmlentities-4.3.1.gemspec
I, [2014-05-19T13:09:36.008316 #48880]  INFO -- : 0:  http_parser.rb (0.6.0) from /Users/dfenniak/.rvm/rubies/ruby-2.1.0/lib/ruby/gems/2.1.0/specifications/http_parser.rb-0.6.0.gemspec
I, [2014-05-19T13:09:36.008610 #48880]  INFO -- : 0:  http (0.5.0) from /Users/dfenniak/.rvm/rubies/ruby-2.1.0/lib/ruby/gems/2.1.0/specifications/http-0.5.0.gemspec
I, [2014-05-19T13:09:36.008848 #48880]  INFO -- : 0:  jquery-rails (3.1.0) from /Users/dfenniak/.rvm/rubies/ruby-2.1.0/lib/ruby/gems/2.1.0/specifications/jquery-rails-3.1.0.gemspec
I, [2014-05-19T13:09:36.009085 #48880]  INFO -- : 0:  jquery-ui-rails (4.2.1) from /Users/dfenniak/.rvm/rubies/ruby-2.1.0/lib/ruby/gems/2.1.0/specifications/jquery-ui-rails-4.2.1.gemspec
I, [2014-05-19T13:09:36.009298 #48880]  INFO -- : 0:  kaminari (0.15.1) from /Users/dfenniak/.rvm/rubies/ruby-2.1.0/lib/ruby/gems/2.1.0/specifications/kaminari-0.15.1.gemspec
I, [2014-05-19T13:09:36.009515 #48880]  INFO -- : 0:  memoizable (0.4.2) from /Users/dfenniak/.rvm/rubies/ruby-2.1.0/lib/ruby/gems/2.1.0/specifications/memoizable-0.4.2.gemspec
I, [2014-05-19T13:09:36.009692 #48880]  INFO -- : 0:  method_source (0.8.2) from /Users/dfenniak/.rvm/rubies/ruby-2.1.0/lib/ruby/gems/2.1.0/specifications/method_source-0.8.2.gemspec
I, [2014-05-19T13:09:36.009866 #48880]  INFO -- : 0:  subexec (0.2.3) from /Users/dfenniak/.rvm/rubies/ruby-2.1.0/lib/ruby/gems/2.1.0/specifications/subexec-0.2.3.gemspec
I, [2014-05-19T13:09:36.010036 #48880]  INFO -- : 0:  mini_magick (3.7.0) from /Users/dfenniak/.rvm/rubies/ruby-2.1.0/lib/ruby/gems/2.1.0/specifications/mini_magick-3.7.0.gemspec
I, [2014-05-19T13:09:36.010223 #48880]  INFO -- : 0:  naught (1.0.0) from /Users/dfenniak/.rvm/rubies/ruby-2.1.0/lib/ruby/gems/2.1.0/specifications/naught-1.0.0.gemspec
I, [2014-05-19T13:09:36.010402 #48880]  INFO -- : 0:  pg (0.17.1) from /Users/dfenniak/.rvm/rubies/ruby-2.1.0/lib/ruby/gems/2.1.0/specifications/pg-0.17.1.gemspec
I, [2014-05-19T13:09:36.010581 #48880]  INFO -- : 0:  slop (3.5.0) from /Users/dfenniak/.rvm/rubies/ruby-2.1.0/lib/ruby/gems/2.1.0/specifications/slop-3.5.0.gemspec
I, [2014-05-19T13:09:36.010759 #48880]  INFO -- : 0:  pry (0.9.12.6) from /Users/dfenniak/.rvm/rubies/ruby-2.1.0/lib/ruby/gems/2.1.0/specifications/pry-0.9.12.6.gemspec
I, [2014-05-19T13:09:36.010937 #48880]  INFO -- : 0:  pry-rails (0.3.2) from /Users/dfenniak/.rvm/rubies/ruby-2.1.0/lib/ruby/gems/2.1.0/specifications/pry-rails-0.3.2.gemspec
I, [2014-05-19T13:09:36.011090 #48880]  INFO -- : 0:  bundler (1.5.1) from /Users/dfenniak/.rvm/rubies/ruby-2.1.0/lib/ruby/gems/2.1.0/specifications/bundler-1.5.1.gemspec
I, [2014-05-19T13:09:36.011269 #48880]  INFO -- : 0:  rails (3.2.18) from /Users/dfenniak/.rvm/rubies/ruby-2.1.0/lib/ruby/gems/2.1.0/specifications/rails-3.2.18.gemspec
I, [2014-05-19T13:09:36.011467 #48880]  INFO -- : 0:  rails_autolink (1.1.5) from /Users/dfenniak/.rvm/rubies/ruby-2.1.0/lib/ruby/gems/2.1.0/specifications/rails_autolink-1.1.5.gemspec
I, [2014-05-19T13:09:36.011636 #48880]  INFO -- : 0:  recaptcha (0.3.6) from /Users/dfenniak/.rvm/rubies/ruby-2.1.0/lib/ruby/gems/2.1.0/specifications/recaptcha-0.3.6.gemspec
I, [2014-05-19T13:09:36.011807 #48880]  INFO -- : 0:  rspec-core (2.14.8) from /Users/dfenniak/.rvm/rubies/ruby-2.1.0/lib/ruby/gems/2.1.0/specifications/rspec-core-2.14.8.gemspec
I, [2014-05-19T13:09:36.011975 #48880]  INFO -- : 0:  rspec-expectations (2.14.5) from /Users/dfenniak/.rvm/rubies/ruby-2.1.0/lib/ruby/gems/2.1.0/specifications/rspec-expectations-2.14.5.gemspec
I, [2014-05-19T13:09:36.012148 #48880]  INFO -- : 0:  rspec-mocks (2.14.6) from /Users/dfenniak/.rvm/rubies/ruby-2.1.0/lib/ruby/gems/2.1.0/specifications/rspec-mocks-2.14.6.gemspec
I, [2014-05-19T13:09:36.012319 #48880]  INFO -- : 0:  rspec-rails (2.14.2) from /Users/dfenniak/.rvm/rubies/ruby-2.1.0/lib/ruby/gems/2.1.0/specifications/rspec-rails-2.14.2.gemspec
I, [2014-05-19T13:09:36.012487 #48880]  INFO -- : 0:  rubypants (0.2.0) from /Users/dfenniak/.rvm/rubies/ruby-2.1.0/lib/ruby/gems/2.1.0/specifications/rubypants-0.2.0.gemspec
I, [2014-05-19T13:09:36.012665 #48880]  INFO -- : 0:  sass (3.3.7) from /Users/dfenniak/.rvm/rubies/ruby-2.1.0/lib/ruby/gems/2.1.0/specifications/sass-3.3.7.gemspec
I, [2014-05-19T13:09:36.012839 #48880]  INFO -- : 0:  sass-rails (3.2.6) from /Users/dfenniak/.rvm/rubies/ruby-2.1.0/lib/ruby/gems/2.1.0/specifications/sass-rails-3.2.6.gemspec
I, [2014-05-19T13:09:36.013006 #48880]  INFO -- : 0:  simple_oauth (0.2.0) from /Users/dfenniak/.rvm/rubies/ruby-2.1.0/lib/ruby/gems/2.1.0/specifications/simple_oauth-0.2.0.gemspec
I, [2014-05-19T13:09:36.013188 #48880]  INFO -- : 0:  simplecov-html (0.8.0) from /Users/dfenniak/.rvm/rubies/ruby-2.1.0/lib/ruby/gems/2.1.0/specifications/simplecov-html-0.8.0.gemspec
I, [2014-05-19T13:09:36.013388 #48880]  INFO -- : 0:  simplecov (0.8.2) from /Users/dfenniak/.rvm/rubies/ruby-2.1.0/lib/ruby/gems/2.1.0/specifications/simplecov-0.8.2.gemspec
I, [2014-05-19T13:09:36.013555 #48880]  INFO -- : 0:  thin (1.6.2) from /Users/dfenniak/.rvm/rubies/ruby-2.1.0/lib/ruby/gems/2.1.0/specifications/thin-1.6.2.gemspec
I, [2014-05-19T13:09:36.013723 #48880]  INFO -- : 0:  twitter (5.6.0) from /Users/dfenniak/.rvm/rubies/ruby-2.1.0/lib/ruby/gems/2.1.0/specifications/twitter-5.6.0.gemspec
I, [2014-05-19T13:09:36.013893 #48880]  INFO -- : 0:  uglifier (2.5.0) from /Users/dfenniak/.rvm/rubies/ruby-2.1.0/lib/ruby/gems/2.1.0/specifications/uglifier-2.5.0.gemspec
I, [2014-05-19T13:09:36.014060 #48880]  INFO -- : 0:  uuidtools (2.1.4) from /Users/dfenniak/.rvm/rubies/ruby-2.1.0/lib/ruby/gems/2.1.0/specifications/uuidtools-2.1.4.gemspec
I, [2014-05-19T13:09:36.014228 #48880]  INFO -- : 0:  webrat (0.7.3) from /Users/dfenniak/.rvm/rubies/ruby-2.1.0/lib/ruby/gems/2.1.0/specifications/webrat-0.7.3.gemspec
